<?xml version="1.0" encoding="UTF-8"?>
<testng-results skipped="0" failed="0" total="1" passed="1">
  <reporter-output>
  </reporter-output>
  <suite name="Suite" duration-ms="64355" started-at="2019-11-11T01:31:26Z" finished-at="2019-11-11T01:32:30Z">
    <groups>
    </groups>
    <test name="Test" duration-ms="64355" started-at="2019-11-11T01:31:26Z" finished-at="2019-11-11T01:32:30Z">
      <class name="pompack.tests.LoginTest">
        <test-method status="PASS" signature="testLogin()[pri:0, instance:pompack.tests.LoginTest@69a3d1d]" name="testLogin" duration-ms="61416" started-at="2019-11-11T07:01:26Z" finished-at="2019-11-11T07:02:28Z">
          <reporter-output>
          </reporter-output>
        </test-method> <!-- testLogin -->
        <test-method status="PASS" signature="testClouser()[pri:0, instance:pompack.tests.LoginTest@69a3d1d]" name="testClouser" is-config="true" duration-ms="2910" started-at="2019-11-11T07:02:28Z" finished-at="2019-11-11T07:02:30Z">
          <reporter-output>
          </reporter-output>
        </test-method> <!-- testClouser -->
      </class> <!-- pompack.tests.LoginTest -->
    </test> <!-- Test -->
  </suite> <!-- Suite -->
</testng-results>
